<?xml version="1.0" encoding="UTF-8"?>
<testsuite name="com.example.demo.DemoninjaApplicationTests" tests="1" skipped="0" failures="0" errors="0" timestamp="2020-06-11T16:42:10" hostname="EKT1639317" time="0.232">
  <properties/>
  <testcase name="contextLoads()" classname="com.example.demo.DemoninjaApplicationTests" time="0.232"/>
  <system-out><![CDATA[11:42:05.199 [Test worker] DEBUG org.springframework.test.context.BootstrapUtils - Instantiating CacheAwareContextLoaderDelegate from class [org.springframework.test.context.cache.DefaultCacheAwareContextLoaderDelegate]
11:42:05.222 [Test worker] DEBUG org.springframework.test.context.BootstrapUtils - Instantiating BootstrapContext using constructor [public org.springframework.test.context.support.DefaultBootstrapContext(java.lang.Class,org.springframework.test.context.CacheAwareContextLoaderDelegate)]
11:42:05.259 [Test worker] DEBUG org.springframework.test.context.BootstrapUtils - Instantiating TestContextBootstrapper for test class [com.example.demo.DemoninjaApplicationTests] from class [org.springframework.boot.test.context.SpringBootTestContextBootstrapper]
11:42:05.291 [Test worker] INFO org.springframework.boot.test.context.SpringBootTestContextBootstrapper - Neither @ContextConfiguration nor @ContextHierarchy found for test class [com.example.demo.DemoninjaApplicationTests], using SpringBootContextLoader
11:42:05.295 [Test worker] DEBUG org.springframework.test.context.support.AbstractContextLoader - Did not detect default resource location for test class [com.example.demo.DemoninjaApplicationTests]: class path resource [com/example/demo/DemoninjaApplicationTests-context.xml] does not exist
11:42:05.295 [Test worker] DEBUG org.springframework.test.context.support.AbstractContextLoader - Did not detect default resource location for test class [com.example.demo.DemoninjaApplicationTests]: class path resource [com/example/demo/DemoninjaApplicationTestsContext.groovy] does not exist
11:42:05.295 [Test worker] INFO org.springframework.test.context.support.AbstractContextLoader - Could not detect default resource locations for test class [com.example.demo.DemoninjaApplicationTests]: no resource found for suffixes {-context.xml, Context.groovy}.
11:42:05.296 [Test worker] INFO org.springframework.test.context.support.AnnotationConfigContextLoaderUtils - Could not detect default configuration classes for test class [com.example.demo.DemoninjaApplicationTests]: DemoninjaApplicationTests does not declare any static, non-private, non-final, nested classes annotated with @Configuration.
11:42:05.355 [Test worker] DEBUG org.springframework.test.context.support.ActiveProfilesUtils - Could not find an 'annotation declaring class' for annotation type [org.springframework.test.context.ActiveProfiles] and class [com.example.demo.DemoninjaApplicationTests]
11:42:05.437 [Test worker] DEBUG org.springframework.context.annotation.ClassPathScanningCandidateComponentProvider - Identified candidate component class: file [E:\Users\nsanchezl\Downloads\angular-spring\back-spring\DEMONINJA\build\classes\java\main\com\example\demo\DemoninjaApplication.class]
11:42:05.441 [Test worker] INFO org.springframework.boot.test.context.SpringBootTestContextBootstrapper - Found @SpringBootConfiguration com.example.demo.DemoninjaApplication for test class com.example.demo.DemoninjaApplicationTests
11:42:05.540 [Test worker] DEBUG org.springframework.boot.test.context.SpringBootTestContextBootstrapper - @TestExecutionListeners is not present for class [com.example.demo.DemoninjaApplicationTests]: using defaults.
11:42:05.541 [Test worker] INFO org.springframework.boot.test.context.SpringBootTestContextBootstrapper - Loaded default TestExecutionListener class names from location [META-INF/spring.factories]: [org.springframework.boot.test.autoconfigure.restdocs.RestDocsTestExecutionListener, org.springframework.boot.test.autoconfigure.web.client.MockRestServiceServerResetTestExecutionListener, org.springframework.boot.test.autoconfigure.web.servlet.MockMvcPrintOnlyOnFailureTestExecutionListener, org.springframework.boot.test.autoconfigure.web.servlet.WebDriverTestExecutionListener, org.springframework.boot.test.mock.mockito.MockitoTestExecutionListener, org.springframework.boot.test.mock.mockito.ResetMocksTestExecutionListener, org.springframework.test.context.web.ServletTestExecutionListener, org.springframework.test.context.support.DirtiesContextBeforeModesTestExecutionListener, org.springframework.test.context.support.DependencyInjectionTestExecutionListener, org.springframework.test.context.support.DirtiesContextTestExecutionListener, org.springframework.test.context.transaction.TransactionalTestExecutionListener, org.springframework.test.context.jdbc.SqlScriptsTestExecutionListener, org.springframework.test.context.event.EventPublishingTestExecutionListener]
11:42:05.560 [Test worker] INFO org.springframework.boot.test.context.SpringBootTestContextBootstrapper - Using TestExecutionListeners: [org.springframework.test.context.web.ServletTestExecutionListener@6f1c07f2, org.springframework.test.context.support.DirtiesContextBeforeModesTestExecutionListener@4f566198, org.springframework.boot.test.mock.mockito.MockitoTestExecutionListener@54ca5e0f, org.springframework.boot.test.autoconfigure.SpringBootDependencyInjectionTestExecutionListener@38612918, org.springframework.test.context.support.DirtiesContextTestExecutionListener@374d8a71, org.springframework.test.context.transaction.TransactionalTestExecutionListener@4beb67a1, org.springframework.test.context.jdbc.SqlScriptsTestExecutionListener@4d5772f5, org.springframework.test.context.event.EventPublishingTestExecutionListener@7ccfabae, org.springframework.boot.test.autoconfigure.restdocs.RestDocsTestExecutionListener@270ab844, org.springframework.boot.test.autoconfigure.web.client.MockRestServiceServerResetTestExecutionListener@37cc156b, org.springframework.boot.test.autoconfigure.web.servlet.MockMvcPrintOnlyOnFailureTestExecutionListener@417a19bd, org.springframework.boot.test.autoconfigure.web.servlet.WebDriverTestExecutionListener@40e948e7, org.springframework.boot.test.mock.mockito.ResetMocksTestExecutionListener@32d30026]
11:42:05.564 [Test worker] DEBUG org.springframework.test.context.support.AbstractDirtiesContextTestExecutionListener - Before test class: context [DefaultTestContext@4e658f25 testClass = DemoninjaApplicationTests, testInstance = [null], testMethod = [null], testException = [null], mergedContextConfiguration = [WebMergedContextConfiguration@7088c47f testClass = DemoninjaApplicationTests, locations = '{}', classes = '{class com.example.demo.DemoninjaApplication}', contextInitializerClasses = '[]', activeProfiles = '{}', propertySourceLocations = '{}', propertySourceProperties = '{org.springframework.boot.test.context.SpringBootTestContextBootstrapper=true}', contextCustomizers = set[org.springframework.boot.test.autoconfigure.properties.PropertyMappingContextCustomizer@0, org.springframework.boot.test.autoconfigure.web.servlet.WebDriverContextCustomizerFactory$Customizer@321e1ce, org.springframework.boot.test.context.filter.ExcludeFilterContextCustomizer@35dd04c2, org.springframework.boot.test.json.DuplicateJsonObjectContextCustomizerFactory$DuplicateJsonObjectContextCustomizer@54c05058, org.springframework.boot.test.mock.mockito.MockitoContextCustomizer@0, org.springframework.boot.test.web.client.TestRestTemplateContextCustomizer@26ed9307], resourceBasePath = 'src/main/webapp', contextLoader = 'org.springframework.boot.test.context.SpringBootContextLoader', parent = [null]], attributes = map['org.springframework.test.context.web.ServletTestExecutionListener.activateListener' -> true]], class annotated with @DirtiesContext [false] with mode [null].
11:42:05.606 [Test worker] DEBUG org.springframework.test.context.support.TestPropertySourceUtils - Adding inlined properties to environment: {spring.jmx.enabled=false, org.springframework.boot.test.context.SpringBootTestContextBootstrapper=true, server.port=-1}

  .   ____          _            __ _ _
 /\\ / ___'_ __ _ _(_)_ __  __ _ \ \ \ \
( ( )\___ | '_ | '_| | '_ \/ _` | \ \ \ \
 \\/  ___)| |_)| | | | | || (_| |  ) ) ) )
  '  |____| .__|_| |_|_| |_\__, | / / / /
 =========|_|==============|___/=/_/_/_/
 :: Spring Boot ::        (v2.2.6.RELEASE)

2020-06-11 11:42:05.959  INFO 22512 --- [    Test worker] c.e.demo.DemoninjaApplicationTests       : Starting DemoninjaApplicationTests on EKT1639317 with PID 22512 (started by nsanchezl in E:\Users\nsanchezl\Downloads\angular-spring\back-spring\DEMONINJA)
2020-06-11 11:42:05.960  INFO 22512 --- [    Test worker] c.e.demo.DemoninjaApplicationTests       : No active profile set, falling back to default profiles: default
2020-06-11 11:42:06.969  INFO 22512 --- [    Test worker] .s.d.r.c.RepositoryConfigurationDelegate : Bootstrapping Spring Data MongoDB repositories in DEFAULT mode.
2020-06-11 11:42:06.997  INFO 22512 --- [    Test worker] .s.d.r.c.RepositoryConfigurationDelegate : Finished Spring Data repository scanning in 23ms. Found 0 MongoDB repository interfaces.
2020-06-11 11:42:08.042  INFO 22512 --- [    Test worker] org.mongodb.driver.cluster               : Cluster created with settings {hosts=[localhost:27017], mode=SINGLE, requiredClusterType=UNKNOWN, serverSelectionTimeout='30000 ms', maxWaitQueueSize=500}
2020-06-11 11:42:08.118  INFO 22512 --- [localhost:27017] org.mongodb.driver.connection            : Opened connection [connectionId{localValue:1, serverValue:506}] to localhost:27017
2020-06-11 11:42:08.123  INFO 22512 --- [localhost:27017] org.mongodb.driver.cluster               : Monitor thread successfully connected to server with description ServerDescription{address=localhost:27017, type=STANDALONE, state=CONNECTED, ok=true, version=ServerVersion{versionList=[4, 2, 1]}, minWireVersion=0, maxWireVersion=8, maxDocumentSize=16777216, logicalSessionTimeoutMinutes=30, roundTripTimeNanos=3268300}
2020-06-11 11:42:08.180  INFO 22512 --- [    Test worker] org.mongodb.driver.cluster               : Cluster created with settings {hosts=[localhost:27017], mode=SINGLE, requiredClusterType=UNKNOWN, serverSelectionTimeout='30000 ms', maxWaitQueueSize=500}
2020-06-11 11:42:08.186  INFO 22512 --- [localhost:27017] org.mongodb.driver.connection            : Opened connection [connectionId{localValue:2, serverValue:507}] to localhost:27017
2020-06-11 11:42:08.188  INFO 22512 --- [localhost:27017] org.mongodb.driver.cluster               : Monitor thread successfully connected to server with description ServerDescription{address=localhost:27017, type=STANDALONE, state=CONNECTED, ok=true, version=ServerVersion{versionList=[4, 2, 1]}, minWireVersion=0, maxWireVersion=8, maxDocumentSize=16777216, logicalSessionTimeoutMinutes=30, roundTripTimeNanos=1325800}
2020-06-11 11:42:08.782  INFO 22512 --- [    Test worker] o.s.s.o.p.t.s.JwtAccessTokenConverter    : Configured with RSA signing key
2020-06-11 11:42:08.800  INFO 22512 --- [    Test worker] o.s.s.o.p.t.s.JwtAccessTokenConverter    : Signing and verification RSA keys match
2020-06-11 11:42:09.240  INFO 22512 --- [    Test worker] pertySourcedRequestMappingHandlerMapping : Mapped URL path [/v2/api-docs] onto method [springfox.documentation.swagger2.web.Swagger2Controller#getDocumentation(String, HttpServletRequest)]
2020-06-11 11:42:09.633  INFO 22512 --- [    Test worker] o.s.s.concurrent.ThreadPoolTaskExecutor  : Initializing ExecutorService 'applicationTaskExecutor'
2020-06-11 11:42:09.819  WARN 22512 --- [    Test worker] ion$DefaultTemplateResolverConfiguration : Cannot find template location: classpath:/templates/ (please add some templates or check your Thymeleaf configuration)
2020-06-11 11:42:09.875  INFO 22512 --- [    Test worker] org.mongodb.driver.cluster               : Cluster created with settings {hosts=[localhost:27017], mode=SINGLE, requiredClusterType=UNKNOWN, serverSelectionTimeout='30000 ms', maxWaitQueueSize=500}
2020-06-11 11:42:09.879  INFO 22512 --- [localhost:27017] org.mongodb.driver.connection            : Opened connection [connectionId{localValue:3, serverValue:508}] to localhost:27017
2020-06-11 11:42:09.880  INFO 22512 --- [localhost:27017] org.mongodb.driver.cluster               : Monitor thread successfully connected to server with description ServerDescription{address=localhost:27017, type=STANDALONE, state=CONNECTED, ok=true, version=ServerVersion{versionList=[4, 2, 1]}, minWireVersion=0, maxWireVersion=8, maxDocumentSize=16777216, logicalSessionTimeoutMinutes=30, roundTripTimeNanos=547900}
2020-06-11 11:42:10.296  INFO 22512 --- [    Test worker] o.s.s.web.DefaultSecurityFilterChain     : Creating filter chain: OrRequestMatcher [requestMatchers=[Ant [pattern='/oauth/token'], Ant [pattern='/oauth/token_key'], Ant [pattern='/oauth/check_token']]], [org.springframework.security.web.context.request.async.WebAsyncManagerIntegrationFilter@51b1d5ff, org.springframework.security.web.context.SecurityContextPersistenceFilter@2b39fd37, org.springframework.security.web.header.HeaderWriterFilter@7b393589, org.springframework.security.web.authentication.logout.LogoutFilter@7b45ae13, org.springframework.security.web.authentication.www.BasicAuthenticationFilter@61ba5bd6, org.springframework.security.web.savedrequest.RequestCacheAwareFilter@e16deaf, org.springframework.security.web.servletapi.SecurityContextHolderAwareRequestFilter@5cc479b0, org.springframework.security.web.authentication.AnonymousAuthenticationFilter@574d94a7, org.springframework.security.web.session.SessionManagementFilter@ac4ec5, org.springframework.security.web.access.ExceptionTranslationFilter@49df7b86, org.springframework.security.web.access.intercept.FilterSecurityInterceptor@3fff2b00]
2020-06-11 11:42:10.313  INFO 22512 --- [    Test worker] o.s.s.web.DefaultSecurityFilterChain     : Creating filter chain: org.springframework.security.oauth2.config.annotation.web.configuration.ResourceServerConfiguration$NotOAuthRequestMatcher@2550e231, [org.springframework.security.web.context.request.async.WebAsyncManagerIntegrationFilter@56f58854, org.springframework.security.web.context.SecurityContextPersistenceFilter@4c4b7135, org.springframework.security.web.header.HeaderWriterFilter@4782b514, org.springframework.web.filter.CorsFilter@73ffe10e, org.springframework.security.web.authentication.logout.LogoutFilter@836e63f, org.springframework.security.oauth2.provider.authentication.OAuth2AuthenticationProcessingFilter@664635d6, org.springframework.security.web.savedrequest.RequestCacheAwareFilter@31194145, org.springframework.security.web.servletapi.SecurityContextHolderAwareRequestFilter@63616867, org.springframework.security.web.authentication.AnonymousAuthenticationFilter@6fb89196, org.springframework.security.web.session.SessionManagementFilter@3f5864d0, org.springframework.security.web.access.ExceptionTranslationFilter@3ad8feff, org.springframework.security.web.access.intercept.FilterSecurityInterceptor@35f535c2]
2020-06-11 11:42:10.315  INFO 22512 --- [    Test worker] o.s.s.web.DefaultSecurityFilterChain     : Creating filter chain: any request, [org.springframework.security.web.context.request.async.WebAsyncManagerIntegrationFilter@20c16145, org.springframework.security.web.context.SecurityContextPersistenceFilter@57e7632e, org.springframework.security.web.header.HeaderWriterFilter@572fa43f, org.springframework.security.web.authentication.logout.LogoutFilter@1003aed5, org.springframework.security.web.savedrequest.RequestCacheAwareFilter@2da32b13, org.springframework.security.web.servletapi.SecurityContextHolderAwareRequestFilter@7077cc4, org.springframework.security.web.authentication.AnonymousAuthenticationFilter@32a9f2d4, org.springframework.security.web.session.SessionManagementFilter@5545c513, org.springframework.security.web.access.ExceptionTranslationFilter@69f842d, org.springframework.security.web.access.intercept.FilterSecurityInterceptor@636dde11]
2020-06-11 11:42:10.386  INFO 22512 --- [    Test worker] d.s.w.p.DocumentationPluginsBootstrapper : Context refreshed
2020-06-11 11:42:10.410  INFO 22512 --- [    Test worker] d.s.w.p.DocumentationPluginsBootstrapper : Found 1 custom documentation plugin(s)
2020-06-11 11:42:10.452  INFO 22512 --- [    Test worker] s.d.s.w.s.ApiListingReferenceScanner     : Scanning for api listing references
2020-06-11 11:42:10.558  INFO 22512 --- [    Test worker] .d.s.w.r.o.CachingOperationNameGenerator : Generating unique operation named: showContactsUsingGET_1
2020-06-11 11:42:10.608  INFO 22512 --- [    Test worker] c.e.demo.DemoninjaApplicationTests       : Started DemoninjaApplicationTests in 4.99 seconds (JVM running for 6.578)
]]></system-out>
  <system-err><![CDATA[]]></system-err>
</testsuite>
